0 info it worked if it ends with ok
1 verbose cli [ '/usr/bin/node', '/usr/bin/npm', 'install', '-g', 'dploy' ]
2 info using npm@1.4.28
3 info using node@v0.10.33
4 verbose node symlink /usr/bin/node
5 verbose cache add [ 'dploy', null ]
6 verbose cache add name=undefined spec="dploy" args=["dploy",null]
7 verbose parsed url { protocol: null,
7 verbose parsed url   slashes: null,
7 verbose parsed url   auth: null,
7 verbose parsed url   host: null,
7 verbose parsed url   port: null,
7 verbose parsed url   hostname: null,
7 verbose parsed url   hash: null,
7 verbose parsed url   search: null,
7 verbose parsed url   query: null,
7 verbose parsed url   pathname: 'dploy',
7 verbose parsed url   path: 'dploy',
7 verbose parsed url   href: 'dploy' }
8 silly lockFile 699a8f26-dploy dploy
9 verbose lock dploy /home/developer/.npm/699a8f26-dploy.lock
10 silly lockFile 699a8f26-dploy dploy
11 silly lockFile 699a8f26-dploy dploy
12 verbose addNamed [ 'dploy', '' ]
13 verbose addNamed [ null, '*' ]
14 silly lockFile 72060264-dploy dploy@
15 verbose lock dploy@ /home/developer/.npm/72060264-dploy.lock
16 silly addNameRange { name: 'dploy', range: '*', hasData: false }
17 verbose request where is /dploy
18 verbose request registry https://registry.npmjs.org/
19 verbose request id 25d3ca36e6590cf4
20 verbose url raw /dploy
21 verbose url resolving [ 'https://registry.npmjs.org/', './dploy' ]
22 verbose url resolved https://registry.npmjs.org/dploy
23 verbose request where is https://registry.npmjs.org/dploy
24 info trying registry request attempt 1 at 15:10:50
25 http GET https://registry.npmjs.org/dploy
26 http 200 https://registry.npmjs.org/dploy
27 silly registry.get cb [ 200,
27 silly registry.get   { date: 'Tue, 25 Nov 2014 08:10:53 GMT',
27 silly registry.get     server: 'CouchDB/1.5.0 (Erlang OTP/R16B03)',
27 silly registry.get     etag: '"9EZUH117ZSWDN0RJVO1H8SCC7"',
27 silly registry.get     'content-type': 'application/json',
27 silly registry.get     'cache-control': 'max-age=60',
27 silly registry.get     'content-length': '35021',
27 silly registry.get     'accept-ranges': 'bytes',
27 silly registry.get     via: '1.1 varnish',
27 silly registry.get     age: '0',
27 silly registry.get     'x-served-by': 'cache-sn88-SIN',
27 silly registry.get     'x-cache': 'MISS',
27 silly registry.get     'x-cache-hits': '0',
27 silly registry.get     'x-timer': 'S1416903052.670026,VS0,VE422',
27 silly registry.get     vary: 'Accept',
27 silly registry.get     'keep-alive': 'timeout=10, max=50',
27 silly registry.get     connection: 'Keep-Alive' } ]
28 silly addNameRange number 2 { name: 'dploy', range: '*', hasData: true }
29 silly addNameRange versions [ 'dploy',
29 silly addNameRange   [ '0.1.0',
29 silly addNameRange     '0.1.1',
29 silly addNameRange     '0.1.2',
29 silly addNameRange     '0.1.3',
29 silly addNameRange     '1.0.0',
29 silly addNameRange     '1.0.1',
29 silly addNameRange     '1.0.4',
29 silly addNameRange     '1.0.5',
29 silly addNameRange     '1.0.6',
29 silly addNameRange     '1.0.7',
29 silly addNameRange     '1.0.8',
29 silly addNameRange     '1.0.9',
29 silly addNameRange     '1.1.0',
29 silly addNameRange     '1.1.1',
29 silly addNameRange     '1.1.2',
29 silly addNameRange     '1.1.3',
29 silly addNameRange     '1.1.4',
29 silly addNameRange     '1.1.5',
29 silly addNameRange     '1.1.6',
29 silly addNameRange     '1.2.0' ] ]
30 verbose addNamed [ 'dploy', '1.2.0' ]
31 verbose addNamed [ '1.2.0', '1.2.0' ]
32 silly lockFile 746e17e5-dploy-1-2-0 dploy@1.2.0
33 verbose lock dploy@1.2.0 /home/developer/.npm/746e17e5-dploy-1-2-0.lock
34 silly lockFile a7877a96--npmjs-org-dploy-dploy-1-2-0-tgz https://registry.npmjs.org/dploy/-/dploy-1.2.0.tgz
35 verbose lock https://registry.npmjs.org/dploy/-/dploy-1.2.0.tgz /home/developer/.npm/a7877a96--npmjs-org-dploy-dploy-1-2-0-tgz.lock
36 verbose addRemoteTarball [ 'https://registry.npmjs.org/dploy/-/dploy-1.2.0.tgz',
36 verbose addRemoteTarball   '69b32a507a6d76a4b93445d16c18ed45c93c4608' ]
37 info retry fetch attempt 1 at 15:10:53
38 verbose fetch to= /tmp/npm-27446-JgR9tOkN/registry.npmjs.org/dploy/-/dploy-1.2.0.tgz
39 http GET https://registry.npmjs.org/dploy/-/dploy-1.2.0.tgz
40 http 200 https://registry.npmjs.org/dploy/-/dploy-1.2.0.tgz
41 silly lockFile a7877a96--npmjs-org-dploy-dploy-1-2-0-tgz https://registry.npmjs.org/dploy/-/dploy-1.2.0.tgz
42 silly lockFile a7877a96--npmjs-org-dploy-dploy-1-2-0-tgz https://registry.npmjs.org/dploy/-/dploy-1.2.0.tgz
43 silly lockFile 746e17e5-dploy-1-2-0 dploy@1.2.0
44 silly lockFile 746e17e5-dploy-1-2-0 dploy@1.2.0
45 silly lockFile 72060264-dploy dploy@
46 silly lockFile 72060264-dploy dploy@
47 silly resolved [ { name: 'dploy',
47 silly resolved     version: '1.2.0',
47 silly resolved     author: { name: 'Lucas Motta', email: 'http://lucasmotta.com' },
47 silly resolved     description: 'Command line tool to deploy websites using FTP/SFTP and git.',
47 silly resolved     keywords: [ 'ftp', 'sftp', 'deploy', 'git' ],
47 silly resolved     repository:
47 silly resolved      { type: 'git',
47 silly resolved        url: 'https://github.com/LeanMeanFightingMachine/dploy' },
47 silly resolved     main: './lib/dploy',
47 silly resolved     bin: { dploy: './bin/dploy' },
47 silly resolved     engines: { node: '>= 0.10.x' },
47 silly resolved     dependencies:
47 silly resolved      { colors: '~0.6.x',
47 silly resolved        yamljs: '~0.1.x',
47 silly resolved        signals: '~1.0.x',
47 silly resolved        ftp: '~0.3.x',
47 silly resolved        ssh2: '~0.2.x',
47 silly resolved        minimatch: '~0.2.x',
47 silly resolved        prompt: '~0.2.x',
47 silly resolved        'glob-expand': '0.0.2' },
47 silly resolved     devDependencies:
47 silly resolved      { grunt: '~0.4.x',
47 silly resolved        'grunt-contrib-coffee': '~0.7.x',
47 silly resolved        'grunt-contrib-watch': '~0.5.x',
47 silly resolved        'grunt-bump': '~0.0.x',
47 silly resolved        'grunt-shell': '~0.6.x',
47 silly resolved        'grunt-coffeelint': '0.0.x' },
47 silly resolved     bugs: { url: 'https://github.com/LeanMeanFightingMachine/dploy/issues' },
47 silly resolved     homepage: 'https://github.com/LeanMeanFightingMachine/dploy',
47 silly resolved     _id: 'dploy@1.2.0',
47 silly resolved     dist:
47 silly resolved      { shasum: '69b32a507a6d76a4b93445d16c18ed45c93c4608',
47 silly resolved        tarball: 'http://registry.npmjs.org/dploy/-/dploy-1.2.0.tgz' },
47 silly resolved     _from: 'dploy@',
47 silly resolved     _npmVersion: '1.3.17',
47 silly resolved     _npmUser: { name: 'lucasmotta', email: 'mail@lucasmotta.com' },
47 silly resolved     maintainers: [ [Object] ],
47 silly resolved     directories: {},
47 silly resolved     _shasum: '69b32a507a6d76a4b93445d16c18ed45c93c4608',
47 silly resolved     _resolved: 'https://registry.npmjs.org/dploy/-/dploy-1.2.0.tgz' } ]
48 info install dploy@1.2.0 into /usr/lib
49 info installOne dploy@1.2.0
50 verbose lib/node_modules/dploy unbuild
51 verbose tar unpack /home/developer/.npm/dploy/1.2.0/package.tgz
52 silly lockFile 94f6fc42-tar-usr-lib-node-modules-dploy tar:///usr/lib/node_modules/dploy
53 verbose lock tar:///usr/lib/node_modules/dploy /home/developer/.npm/94f6fc42-tar-usr-lib-node-modules-dploy.lock
54 silly lockFile 5ffc53b6-oper-npm-dploy-1-2-0-package-tgz tar:///home/developer/.npm/dploy/1.2.0/package.tgz
55 verbose lock tar:///home/developer/.npm/dploy/1.2.0/package.tgz /home/developer/.npm/5ffc53b6-oper-npm-dploy-1-2-0-package-tgz.lock
56 silly gunzTarPerm modes [ '775', '664' ]
57 error Error: EACCES, mkdir '/usr/lib/node_modules/dploy'
57 error  { [Error: EACCES, mkdir '/usr/lib/node_modules/dploy']
57 error   errno: 3,
57 error   code: 'EACCES',
57 error   path: '/usr/lib/node_modules/dploy',
57 error   fstream_type: 'Directory',
57 error   fstream_path: '/usr/lib/node_modules/dploy',
57 error   fstream_class: 'DirWriter',
57 error   fstream_stack:
57 error    [ '/usr/lib/node_modules/npm/node_modules/fstream/lib/dir-writer.js:36:23',
57 error      '/usr/lib/node_modules/npm/node_modules/mkdirp/index.js:46:53',
57 error      'Object.oncomplete (fs.js:107:15)' ] }
58 error Please try running this command again as root/Administrator.
59 error System Linux 3.13.0-39-generic
60 error command "/usr/bin/node" "/usr/bin/npm" "install" "-g" "dploy"
61 error cwd /var/www/html/pusakacms
62 error node -v v0.10.33
63 error npm -v 1.4.28
64 error path /usr/lib/node_modules/dploy
65 error fstream_path /usr/lib/node_modules/dploy
66 error fstream_type Directory
67 error fstream_class DirWriter
68 error code EACCES
69 error errno 3
70 error stack Error: EACCES, mkdir '/usr/lib/node_modules/dploy'
71 error fstream_stack /usr/lib/node_modules/npm/node_modules/fstream/lib/dir-writer.js:36:23
71 error fstream_stack /usr/lib/node_modules/npm/node_modules/mkdirp/index.js:46:53
71 error fstream_stack Object.oncomplete (fs.js:107:15)
72 verbose exit [ 3, true ]
